<?xml version="1.0" encoding="UTF-8"?>
<testng-results ignored="0" total="1" passed="1" failed="0" skipped="0">
  <reporter-output>
  </reporter-output>
  <suite started-at="2026-06-05T17:18:13 IST" name="Default suite" finished-at="2026-06-05T17:18:38 IST" duration-ms="24647">
    <groups>
    </groups>
    <test started-at="2026-06-05T17:18:13 IST" name="Default test" finished-at="2026-06-05T17:18:38 IST" duration-ms="24647">
      <class name="SampleModulePack.Abhishek_prokabbadi_task">
        <test-method signature="porkabbadiyteam()[pri:0, instance:SampleModulePack.Abhishek_prokabbadi_task@34a3d150]" started-at="2026-06-05T17:18:13 IST" name="porkabbadiyteam" finished-at="2026-06-05T17:18:38 IST" duration-ms="24423" status="PASS">
          <reporter-output>
          </reporter-output>
        </test-method> <!-- porkabbadiyteam -->
      </class> <!-- SampleModulePack.Abhishek_prokabbadi_task -->
    </test> <!-- Default test -->
  </suite> <!-- Default suite -->
</testng-results>
